<?xml version="1.0" encoding="utf-8"?>
<coverage line-rate="0.9459000000000001" branch-rate="0.8148000000000001" version="1.9" timestamp="1622282729" lines-covered="245" lines-valid="259" branches-covered="44" branches-valid="54">
  <sources>
    <source>D:\Projects\MyProjects\RazorTemplating\src\Razor.Templating.Core\</source>
  </sources>
  <packages>
    <package name="Razor.Templating.Core" line-rate="0.9459000000000001" branch-rate="0.8148000000000001" complexity="73">
      <classes>
        <class name="Microsoft.Extensions.DependencyInjection.ServiceCollectionExtensions" filename="Infrastructure\ServiceCollectionExtensions.cs" line-rate="1" branch-rate="1" complexity="1">
          <methods>
            <method name="AddRazorTemplating" signature="(Microsoft.Extensions.DependencyInjection.IServiceCollection)" line-rate="1" branch-rate="1" complexity="1">
              <lines>
                <line number="8" hits="1" branch="False" />
                <line number="9" hits="1" branch="False" />
                <line number="10" hits="1" branch="False" />
                <line number="11" hits="1" branch="False" />
              </lines>
            </method>
          </methods>
          <lines>
            <line number="8" hits="1" branch="False" />
            <line number="9" hits="1" branch="False" />
            <line number="10" hits="1" branch="False" />
            <line number="11" hits="1" branch="False" />
          </lines>
        </class>
        <class name="Razor.Templating.Core.RazorTemplateEngine" filename="RazorTemplateEngine.cs" line-rate="1" branch-rate="1" complexity="3">
          <methods>
            <method name="Initialize" signature="()" line-rate="1" branch-rate="1" complexity="1">
              <lines>
                <line number="19" hits="2" branch="False" />
                <line number="20" hits="2" branch="False" />
                <line number="21" hits="2" branch="False" />
                <line number="22" hits="2" branch="False" />
              </lines>
            </method>
            <method name="GetRendererServiceScopeFactory" signature="()" line-rate="1" branch-rate="1" complexity="2">
              <lines>
                <line number="29" hits="11" branch="False" />
                <line number="31" hits="11" branch="True" condition-coverage="100% (2/2)">
                  <conditions>
                    <condition number="11" type="jump" coverage="100%" />
                  </conditions>
                </line>
                <line number="32" hits="2" branch="False" />
                <line number="33" hits="2" branch="False" />
                <line number="34" hits="2" branch="False" />
                <line number="35" hits="11" branch="False" />
                <line number="36" hits="11" branch="False" />
              </lines>
            </method>
          </methods>
          <lines>
            <line number="19" hits="2" branch="False" />
            <line number="20" hits="2" branch="False" />
            <line number="21" hits="2" branch="False" />
            <line number="22" hits="2" branch="False" />
            <line number="29" hits="11" branch="False" />
            <line number="31" hits="11" branch="True" condition-coverage="100% (2/2)">
              <conditions>
                <condition number="11" type="jump" coverage="100%" />
              </conditions>
            </line>
            <line number="32" hits="2" branch="False" />
            <line number="33" hits="2" branch="False" />
            <line number="34" hits="2" branch="False" />
            <line number="35" hits="11" branch="False" />
            <line number="36" hits="11" branch="False" />
          </lines>
        </class>
        <class name="Razor.Templating.Core.RazorTemplateEngine/&lt;RenderAsync&gt;d__3" filename="RazorTemplateEngine.cs" line-rate="1" branch-rate="1" complexity="1">
          <methods>
            <method name="MoveNext" signature="()" line-rate="1" branch-rate="1" complexity="1">
              <lines>
                <line number="44" hits="5" branch="False" />
                <line number="45" hits="5" branch="False" />
                <line number="46" hits="5" branch="False" />
                <line number="47" hits="5" branch="False" />
                <line number="48" hits="5" branch="False" />
                <line number="50" hits="4" branch="False" />
              </lines>
            </method>
          </methods>
          <lines>
            <line number="44" hits="5" branch="False" />
            <line number="45" hits="5" branch="False" />
            <line number="46" hits="5" branch="False" />
            <line number="47" hits="5" branch="False" />
            <line number="48" hits="5" branch="False" />
            <line number="50" hits="4" branch="False" />
          </lines>
        </class>
        <class name="Razor.Templating.Core.RazorTemplateEngine/&lt;RenderAsync&gt;d__4`1" filename="RazorTemplateEngine.cs" line-rate="1" branch-rate="1" complexity="1">
          <methods>
            <method name="MoveNext" signature="()" line-rate="1" branch-rate="1" complexity="1">
              <lines>
                <line number="60" hits="2" branch="False" />
                <line number="61" hits="2" branch="False" />
                <line number="62" hits="2" branch="False" />
                <line number="63" hits="2" branch="False" />
                <line number="64" hits="2" branch="False" />
                <line number="66" hits="2" branch="False" />
              </lines>
            </method>
          </methods>
          <lines>
            <line number="60" hits="2" branch="False" />
            <line number="61" hits="2" branch="False" />
            <line number="62" hits="2" branch="False" />
            <line number="63" hits="2" branch="False" />
            <line number="64" hits="2" branch="False" />
            <line number="66" hits="2" branch="False" />
          </lines>
        </class>
        <class name="Razor.Templating.Core.RazorTemplateEngine/&lt;RenderAsync&gt;d__5`1" filename="RazorTemplateEngine.cs" line-rate="1" branch-rate="1" complexity="4">
          <methods>
            <method name="MoveNext" signature="()" line-rate="1" branch-rate="1" complexity="4">
              <lines>
                <line number="77" hits="2" branch="False" />
                <line number="78" hits="2" branch="False" />
                <line number="79" hits="2" branch="True" condition-coverage="100% (2/2)">
                  <conditions>
                    <condition number="50" type="jump" coverage="100%" />
                  </conditions>
                </line>
                <line number="80" hits="2" branch="False" />
                <line number="81" hits="12" branch="True" condition-coverage="100% (2/2)">
                  <conditions>
                    <condition number="138" type="jump" coverage="100%" />
                  </conditions>
                </line>
                <line number="82" hits="3" branch="False" />
                <line number="83" hits="3" branch="False" />
                <line number="84" hits="3" branch="False" />
                <line number="85" hits="2" branch="False" />
                <line number="87" hits="2" branch="False" />
                <line number="88" hits="2" branch="False" />
                <line number="89" hits="2" branch="False" />
                <line number="90" hits="2" branch="False" />
                <line number="92" hits="2" branch="False" />
              </lines>
            </method>
          </methods>
          <lines>
            <line number="77" hits="2" branch="False" />
            <line number="78" hits="2" branch="False" />
            <line number="79" hits="2" branch="True" condition-coverage="100% (2/2)">
              <conditions>
                <condition number="50" type="jump" coverage="100%" />
              </conditions>
            </line>
            <line number="80" hits="2" branch="False" />
            <line number="81" hits="12" branch="True" condition-coverage="100% (2/2)">
              <conditions>
                <condition number="138" type="jump" coverage="100%" />
              </conditions>
            </line>
            <line number="82" hits="3" branch="False" />
            <line number="83" hits="3" branch="False" />
            <line number="84" hits="3" branch="False" />
            <line number="85" hits="2" branch="False" />
            <line number="87" hits="2" branch="False" />
            <line number="88" hits="2" branch="False" />
            <line number="89" hits="2" branch="False" />
            <line number="90" hits="2" branch="False" />
            <line number="92" hits="2" branch="False" />
          </lines>
        </class>
        <class name="Razor.Templating.Core.RazorViewToStringRenderer" filename="RazorViewToStringRenderer.cs" line-rate="0.95" branch-rate="0.75" complexity="6">
          <methods>
            <method name="FindView" signature="(Microsoft.AspNetCore.Mvc.ActionContext,System.String)" line-rate="0.909" branch-rate="0.75" complexity="4">
              <lines>
                <line number="66" hits="9" branch="False" />
                <line number="67" hits="9" branch="False" />
                <line number="68" hits="9" branch="True" condition-coverage="100% (2/2)">
                  <conditions>
                    <condition number="26" type="jump" coverage="100%" />
                  </conditions>
                </line>
                <line number="69" hits="8" branch="False" />
                <line number="70" hits="8" branch="False" />
                <line number="73" hits="1" branch="False" />
                <line number="74" hits="1" branch="True" condition-coverage="50% (1/2)">
                  <conditions>
                    <condition number="67" type="jump" coverage="50%" />
                  </conditions>
                </line>
                <line number="75" hits="0" branch="False" />
                <line number="76" hits="0" branch="False" />
                <line number="79" hits="1" branch="False" />
                <line number="80" hits="1" branch="False" />
                <line number="81" hits="1" branch="False" />
                <line number="82" hits="1" branch="False" />
                <line number="83" hits="1" branch="False" />
                <line number="84" hits="1" branch="False" />
                <line number="85" hits="1" branch="False" />
                <line number="86" hits="1" branch="False" />
                <line number="87" hits="1" branch="False" />
                <line number="88" hits="1" branch="False" />
                <line number="89" hits="1" branch="False" />
                <line number="91" hits="1" branch="False" />
                <line number="92" hits="8" branch="False" />
              </lines>
            </method>
            <method name="GetActionContext" signature="()" line-rate="1" branch-rate="1" complexity="1">
              <lines>
                <line number="95" hits="9" branch="False" />
                <line number="96" hits="9" branch="False" />
                <line number="97" hits="9" branch="False" />
                <line number="98" hits="9" branch="False" />
                <line number="99" hits="9" branch="False" />
                <line number="100" hits="9" branch="False" />
                <line number="101" hits="9" branch="False" />
                <line number="102" hits="9" branch="False" />
                <line number="103" hits="9" branch="False" />
              </lines>
            </method>
            <method name=".ctor" signature="(Microsoft.AspNetCore.Mvc.Razor.IRazorViewEngine,Microsoft.AspNetCore.Mvc.ViewFeatures.ITempDataProvider,System.IServiceProvider,Microsoft.AspNetCore.Http.IHttpContextAccessor,Microsoft.AspNetCore.Routing.LinkGenerator)" line-rate="1" branch-rate="1" complexity="1">
              <lines>
                <line number="27" hits="9" branch="False" />
                <line number="28" hits="9" branch="False" />
                <line number="29" hits="9" branch="False" />
                <line number="30" hits="9" branch="False" />
                <line number="31" hits="9" branch="False" />
                <line number="32" hits="9" branch="False" />
                <line number="33" hits="9" branch="False" />
                <line number="34" hits="9" branch="False" />
                <line number="35" hits="9" branch="False" />
              </lines>
            </method>
          </methods>
          <lines>
            <line number="66" hits="9" branch="False" />
            <line number="67" hits="9" branch="False" />
            <line number="68" hits="9" branch="True" condition-coverage="100% (2/2)">
              <conditions>
                <condition number="26" type="jump" coverage="100%" />
              </conditions>
            </line>
            <line number="69" hits="8" branch="False" />
            <line number="70" hits="8" branch="False" />
            <line number="73" hits="1" branch="False" />
            <line number="74" hits="1" branch="True" condition-coverage="50% (1/2)">
              <conditions>
                <condition number="67" type="jump" coverage="50%" />
              </conditions>
            </line>
            <line number="75" hits="0" branch="False" />
            <line number="76" hits="0" branch="False" />
            <line number="79" hits="1" branch="False" />
            <line number="80" hits="1" branch="False" />
            <line number="81" hits="1" branch="False" />
            <line number="82" hits="1" branch="False" />
            <line number="83" hits="1" branch="False" />
            <line number="84" hits="1" branch="False" />
            <line number="85" hits="1" branch="False" />
            <line number="86" hits="1" branch="False" />
            <line number="87" hits="1" branch="False" />
            <line number="88" hits="1" branch="False" />
            <line number="89" hits="1" branch="False" />
            <line number="91" hits="1" branch="False" />
            <line number="92" hits="8" branch="False" />
            <line number="95" hits="9" branch="False" />
            <line number="96" hits="9" branch="False" />
            <line number="97" hits="9" branch="False" />
            <line number="98" hits="9" branch="False" />
            <line number="99" hits="9" branch="False" />
            <line number="100" hits="9" branch="False" />
            <line number="101" hits="9" branch="False" />
            <line number="102" hits="9" branch="False" />
            <line number="103" hits="9" branch="False" />
            <line number="27" hits="9" branch="False" />
            <line number="28" hits="9" branch="False" />
            <line number="29" hits="9" branch="False" />
            <line number="30" hits="9" branch="False" />
            <line number="31" hits="9" branch="False" />
            <line number="32" hits="9" branch="False" />
            <line number="33" hits="9" branch="False" />
            <line number="34" hits="9" branch="False" />
            <line number="35" hits="9" branch="False" />
          </lines>
        </class>
        <class name="Razor.Templating.Core.RazorViewToStringRenderer/&lt;RenderViewToStringAsync&gt;d__4`1" filename="RazorViewToStringRenderer.cs" line-rate="1" branch-rate="1" complexity="1">
          <methods>
            <method name="MoveNext" signature="()" line-rate="1" branch-rate="1" complexity="1">
              <lines>
                <line number="38" hits="7" branch="False" />
                <line number="39" hits="7" branch="False" />
                <line number="40" hits="6" branch="False" />
              </lines>
            </method>
          </methods>
          <lines>
            <line number="38" hits="7" branch="False" />
            <line number="39" hits="7" branch="False" />
            <line number="40" hits="6" branch="False" />
          </lines>
        </class>
        <class name="Razor.Templating.Core.RazorViewToStringRenderer/&lt;RenderViewToStringAsync&gt;d__5`1" filename="RazorViewToStringRenderer.cs" line-rate="1" branch-rate="1" complexity="1">
          <methods>
            <method name="MoveNext" signature="()" line-rate="1" branch-rate="1" complexity="1">
              <lines>
                <line number="43" hits="9" branch="False" />
                <line number="44" hits="9" branch="False" />
                <line number="45" hits="9" branch="False" />
                <line number="47" hits="8" branch="False" />
                <line number="48" hits="8" branch="False" />
                <line number="49" hits="8" branch="False" />
                <line number="50" hits="8" branch="False" />
                <line number="51" hits="8" branch="False" />
                <line number="52" hits="8" branch="False" />
                <line number="53" hits="8" branch="False" />
                <line number="54" hits="8" branch="False" />
                <line number="55" hits="8" branch="False" />
                <line number="56" hits="8" branch="False" />
                <line number="57" hits="8" branch="False" />
                <line number="59" hits="8" branch="False" />
                <line number="61" hits="8" branch="False" />
                <line number="63" hits="8" branch="False" />
              </lines>
            </method>
          </methods>
          <lines>
            <line number="43" hits="9" branch="False" />
            <line number="44" hits="9" branch="False" />
            <line number="45" hits="9" branch="False" />
            <line number="47" hits="8" branch="False" />
            <line number="48" hits="8" branch="False" />
            <line number="49" hits="8" branch="False" />
            <line number="50" hits="8" branch="False" />
            <line number="51" hits="8" branch="False" />
            <line number="52" hits="8" branch="False" />
            <line number="53" hits="8" branch="False" />
            <line number="54" hits="8" branch="False" />
            <line number="55" hits="8" branch="False" />
            <line number="56" hits="8" branch="False" />
            <line number="57" hits="8" branch="False" />
            <line number="59" hits="8" branch="False" />
            <line number="61" hits="8" branch="False" />
            <line number="63" hits="8" branch="False" />
          </lines>
        </class>
        <class name="Razor.Templating.Core.CustomRouter" filename="RazorViewToStringRenderer.cs" line-rate="0.5" branch-rate="1" complexity="2">
          <methods>
            <method name="GetVirtualPath" signature="(Microsoft.AspNetCore.Routing.VirtualPathContext)" line-rate="1" branch-rate="1" complexity="1">
              <lines>
                <line number="109" hits="2" branch="False" />
                <line number="110" hits="2" branch="False" />
                <line number="111" hits="2" branch="False" />
              </lines>
            </method>
            <method name="RouteAsync" signature="(Microsoft.AspNetCore.Routing.RouteContext)" line-rate="0" branch-rate="1" complexity="1">
              <lines>
                <line number="114" hits="0" branch="False" />
                <line number="115" hits="0" branch="False" />
                <line number="116" hits="0" branch="False" />
              </lines>
            </method>
          </methods>
          <lines>
            <line number="109" hits="2" branch="False" />
            <line number="110" hits="2" branch="False" />
            <line number="111" hits="2" branch="False" />
            <line number="114" hits="0" branch="False" />
            <line number="115" hits="0" branch="False" />
            <line number="116" hits="0" branch="False" />
          </lines>
        </class>
        <class name="Razor.Templating.Core.RazorViewToStringRendererFactory" filename="RazorViewToStringRendererFactory.cs" line-rate="0.9285" branch-rate="0.7142000000000001" complexity="15">
          <methods>
            <method name="get_ServiceCollection" signature="()" line-rate="1" branch-rate="1" complexity="2">
              <lines>
                <line number="27" hits="2" branch="False" />
                <line number="28" hits="2" branch="True" condition-coverage="100% (2/2)">
                  <conditions>
                    <condition number="11" type="jump" coverage="100%" />
                  </conditions>
                </line>
                <line number="29" hits="1" branch="False" />
                <line number="30" hits="1" branch="False" />
                <line number="33" hits="1" branch="False" />
                <line number="34" hits="2" branch="False" />
              </lines>
            </method>
            <method name="set_ServiceCollection" signature="(Microsoft.Extensions.DependencyInjection.IServiceCollection)" line-rate="1" branch-rate="1" complexity="1">
              <lines>
                <line number="36" hits="1" branch="False" />
                <line number="37" hits="1" branch="False" />
                <line number="38" hits="1" branch="False" />
              </lines>
            </method>
            <method name="CreateRendererServiceScopeFactory" signature="()" line-rate="0.8979" branch-rate="0.625" complexity="8">
              <lines>
                <line number="45" hits="2" branch="False" />
                <line number="46" hits="2" branch="False" />
                <line number="49" hits="2" branch="False" />
                <line number="54" hits="2" branch="False" />
                <line number="57" hits="2" branch="False" />
                <line number="59" hits="2" branch="False" />
                <line number="60" hits="2" branch="False" />
                <line number="61" hits="2" branch="False" />
                <line number="63" hits="2" branch="False" />
                <line number="65" hits="2" branch="True" condition-coverage="50% (2/4)">
                  <conditions>
                    <condition number="112" type="jump" coverage="50%" />
                    <condition number="129" type="jump" coverage="50%" />
                  </conditions>
                </line>
                <line number="66" hits="2" branch="False" />
                <line number="67" hits="2" branch="False" />
                <line number="68" hits="2" branch="False" />
                <line number="69" hits="2" branch="False" />
                <line number="70" hits="2" branch="False" />
                <line number="71" hits="2" branch="False" />
                <line number="72" hits="2" branch="False" />
                <line number="73" hits="2" branch="False" />
                <line number="74" hits="2" branch="False" />
                <line number="75" hits="2" branch="False" />
                <line number="76" hits="2" branch="False" />
                <line number="77" hits="2" branch="False" />
                <line number="78" hits="2" branch="False" />
                <line number="79" hits="2" branch="False" />
                <line number="83" hits="2" branch="False" />
                <line number="84" hits="2" branch="False" />
                <line number="85" hits="2" branch="False" />
                <line number="86" hits="2" branch="False" />
                <line number="87" hits="14" branch="True" condition-coverage="100% (2/2)">
                  <conditions>
                    <condition number="183" type="jump" coverage="100%" />
                  </conditions>
                </line>
                <line number="88" hits="4" branch="False" />
                <line number="89" hits="2" branch="False" />
                <line number="90" hits="10" branch="True" condition-coverage="50% (1/2)">
                  <conditions>
                    <condition number="95" type="jump" coverage="50%" />
                  </conditions>
                </line>
                <line number="91" hits="4" branch="False" />
                <line number="92" hits="4" branch="False" />
                <line number="93" hits="4" branch="False" />
                <line number="94" hits="4" branch="False" />
                <line number="95" hits="2" branch="False" />
                <line number="96" hits="0" branch="False" />
                <line number="97" hits="0" branch="False" />
                <line number="98" hits="0" branch="False" />
                <line number="99" hits="4" branch="False" />
                <line number="100" hits="4" branch="False" />
                <line number="102" hits="2" branch="False" />
                <line number="103" hits="0" branch="False" />
                <line number="104" hits="0" branch="False" />
                <line number="105" hits="2" branch="False" />
                <line number="106" hits="2" branch="False" />
                <line number="108" hits="2" branch="False" />
                <line number="109" hits="2" branch="False" />
              </lines>
            </method>
            <method name="GetMainExecutableDirectory" signature="()" line-rate="1" branch-rate="0.5" complexity="2">
              <lines>
                <line number="116" hits="2" branch="False" />
                <line number="117" hits="2" branch="False" />
                <line number="118" hits="2" branch="True" condition-coverage="50% (1/2)">
                  <conditions>
                    <condition number="13" type="jump" coverage="50%" />
                  </conditions>
                </line>
                <line number="119" hits="2" branch="False" />
              </lines>
            </method>
            <method name="GetWebRootDirectory" signature="(System.String)" line-rate="1" branch-rate="1" complexity="2">
              <lines>
                <line number="128" hits="2" branch="False" />
                <line number="129" hits="2" branch="False" />
                <line number="130" hits="2" branch="True" condition-coverage="100% (2/2)">
                  <conditions>
                    <condition number="24" type="jump" coverage="100%" />
                  </conditions>
                </line>
                <line number="131" hits="2" branch="False" />
                <line number="132" hits="2" branch="False" />
                <line number="133" hits="2" branch="False" />
                <line number="135" hits="2" branch="False" />
                <line number="136" hits="2" branch="False" />
              </lines>
            </method>
          </methods>
          <lines>
            <line number="27" hits="2" branch="False" />
            <line number="28" hits="2" branch="True" condition-coverage="100% (2/2)">
              <conditions>
                <condition number="11" type="jump" coverage="100%" />
              </conditions>
            </line>
            <line number="29" hits="1" branch="False" />
            <line number="30" hits="1" branch="False" />
            <line number="33" hits="1" branch="False" />
            <line number="34" hits="2" branch="False" />
            <line number="36" hits="1" branch="False" />
            <line number="37" hits="1" branch="False" />
            <line number="38" hits="1" branch="False" />
            <line number="45" hits="2" branch="False" />
            <line number="46" hits="2" branch="False" />
            <line number="49" hits="2" branch="False" />
            <line number="54" hits="2" branch="False" />
            <line number="57" hits="2" branch="False" />
            <line number="59" hits="2" branch="False" />
            <line number="60" hits="2" branch="False" />
            <line number="61" hits="2" branch="False" />
            <line number="63" hits="2" branch="False" />
            <line number="65" hits="2" branch="True" condition-coverage="50% (2/4)">
              <conditions>
                <condition number="112" type="jump" coverage="50%" />
                <condition number="129" type="jump" coverage="50%" />
              </conditions>
            </line>
            <line number="66" hits="2" branch="False" />
            <line number="67" hits="2" branch="False" />
            <line number="68" hits="2" branch="False" />
            <line number="69" hits="2" branch="False" />
            <line number="70" hits="2" branch="False" />
            <line number="71" hits="2" branch="False" />
            <line number="72" hits="2" branch="False" />
            <line number="73" hits="2" branch="False" />
            <line number="74" hits="2" branch="False" />
            <line number="75" hits="2" branch="False" />
            <line number="76" hits="2" branch="False" />
            <line number="77" hits="2" branch="False" />
            <line number="78" hits="2" branch="False" />
            <line number="79" hits="2" branch="False" />
            <line number="83" hits="2" branch="False" />
            <line number="84" hits="2" branch="False" />
            <line number="85" hits="2" branch="False" />
            <line number="86" hits="2" branch="False" />
            <line number="87" hits="14" branch="True" condition-coverage="100% (2/2)">
              <conditions>
                <condition number="183" type="jump" coverage="100%" />
              </conditions>
            </line>
            <line number="88" hits="4" branch="False" />
            <line number="89" hits="2" branch="False" />
            <line number="90" hits="10" branch="True" condition-coverage="50% (1/2)">
              <conditions>
                <condition number="95" type="jump" coverage="50%" />
              </conditions>
            </line>
            <line number="91" hits="4" branch="False" />
            <line number="92" hits="4" branch="False" />
            <line number="93" hits="4" branch="False" />
            <line number="94" hits="4" branch="False" />
            <line number="95" hits="2" branch="False" />
            <line number="96" hits="0" branch="False" />
            <line number="97" hits="0" branch="False" />
            <line number="98" hits="0" branch="False" />
            <line number="99" hits="4" branch="False" />
            <line number="100" hits="4" branch="False" />
            <line number="102" hits="2" branch="False" />
            <line number="103" hits="0" branch="False" />
            <line number="104" hits="0" branch="False" />
            <line number="105" hits="2" branch="False" />
            <line number="106" hits="2" branch="False" />
            <line number="108" hits="2" branch="False" />
            <line number="109" hits="2" branch="False" />
            <line number="116" hits="2" branch="False" />
            <line number="117" hits="2" branch="False" />
            <line number="118" hits="2" branch="True" condition-coverage="50% (1/2)">
              <conditions>
                <condition number="13" type="jump" coverage="50%" />
              </conditions>
            </line>
            <line number="119" hits="2" branch="False" />
            <line number="128" hits="2" branch="False" />
            <line number="129" hits="2" branch="False" />
            <line number="130" hits="2" branch="True" condition-coverage="100% (2/2)">
              <conditions>
                <condition number="24" type="jump" coverage="100%" />
              </conditions>
            </line>
            <line number="131" hits="2" branch="False" />
            <line number="132" hits="2" branch="False" />
            <line number="133" hits="2" branch="False" />
            <line number="135" hits="2" branch="False" />
            <line number="136" hits="2" branch="False" />
          </lines>
        </class>
        <class name="Razor.Templating.Core.Infrastructure.ApplicationPartsManager" filename="Infrastructure\ApplicationPartsManager.cs" line-rate="0.9411" branch-rate="0.8332999999999999" complexity="30">
          <methods>
            <method name="GetApplicationParts" signature="()" line-rate="1" branch-rate="0.875" complexity="16">
              <lines>
                <line number="19" hits="2" branch="False" />
                <line number="26" hits="2" branch="False" />
                <line number="29" hits="2" branch="False" />
                <line number="30" hits="2" branch="True" condition-coverage="75% (3/4)">
                  <conditions>
                    <condition number="24" type="jump" coverage="50%" />
                    <condition number="39" type="jump" coverage="100%" />
                  </conditions>
                </line>
                <line number="31" hits="2" branch="False" />
                <line number="32" hits="2" branch="False" />
                <line number="33" hits="2" branch="False" />
                <line number="34" hits="2" branch="False" />
                <line number="35" hits="2" branch="False" />
                <line number="36" hits="620" branch="True" condition-coverage="100% (2/2)">
                  <conditions>
                    <condition number="288" type="jump" coverage="100%" />
                  </conditions>
                </line>
                <line number="37" hits="307" branch="False" />
                <line number="38" hits="307" branch="True" condition-coverage="100% (2/2)">
                  <conditions>
                    <condition number="102" type="jump" coverage="100%" />
                  </conditions>
                </line>
                <line number="39" hits="27" branch="False" />
                <line number="40" hits="27" branch="False" />
                <line number="45" hits="280" branch="False" />
                <line number="46" hits="848" branch="True" condition-coverage="100% (2/2)">
                  <conditions>
                    <condition number="215" type="jump" coverage="100%" />
                  </conditions>
                </line>
                <line number="47" hits="4" branch="False" />
                <line number="48" hits="4" branch="False" />
                <line number="50" hits="4" branch="True" condition-coverage="75% (3/4)">
                  <conditions>
                    <condition number="173" type="jump" coverage="50%" />
                    <condition number="193" type="jump" coverage="100%" />
                  </conditions>
                </line>
                <line number="51" hits="4" branch="False" />
                <line number="52" hits="4" branch="False" />
                <line number="53" hits="4" branch="False" />
                <line number="54" hits="4" branch="False" />
                <line number="56" hits="280" branch="True" condition-coverage="100% (2/2)">
                  <conditions>
                    <condition number="243" type="jump" coverage="100%" />
                  </conditions>
                </line>
                <line number="57" hits="4" branch="False" />
                <line number="58" hits="4" branch="False" />
                <line number="60" hits="4" branch="False" />
                <line number="61" hits="4" branch="False" />
                <line number="62" hits="280" branch="False" />
                <line number="64" hits="2" branch="False" />
                <line number="65" hits="2" branch="False" />
              </lines>
            </method>
            <method name="AddApplicationParts" signature="(System.Collections.Generic.List`1&lt;Microsoft.AspNetCore.Mvc.ApplicationParts.ApplicationPart&gt;&amp;,System.Reflection.Assembly)" line-rate="1" branch-rate="1" complexity="4">
              <lines>
                <line number="68" hits="8" branch="False" />
                <line number="69" hits="8" branch="False" />
                <line number="70" hits="8" branch="False" />
                <line number="71" hits="40" branch="True" condition-coverage="100% (2/2)">
                  <conditions>
                    <condition number="132" type="jump" coverage="100%" />
                  </conditions>
                </line>
                <line number="72" hits="8" branch="False" />
                <line number="73" hits="16" branch="True" condition-coverage="100% (2/2)">
                  <conditions>
                    <condition number="71" type="jump" coverage="100%" />
                  </conditions>
                </line>
                <line number="74" hits="4" branch="False" />
                <line number="75" hits="4" branch="False" />
                <line number="76" hits="4" branch="False" />
                <line number="78" hits="4" branch="False" />
                <line number="79" hits="4" branch="False" />
                <line number="80" hits="4" branch="False" />
                <line number="81" hits="8" branch="False" />
                <line number="82" hits="8" branch="False" />
              </lines>
            </method>
            <method name="GetAllBinDirectoryAssemblies" signature="()" line-rate="0.826" branch-rate="0.7" complexity="10">
              <lines>
                <line number="90" hits="2" branch="False" />
                <line number="92" hits="2" branch="True" condition-coverage="50% (1/2)">
                  <conditions>
                    <condition number="7" type="jump" coverage="50%" />
                  </conditions>
                </line>
                <line number="93" hits="2" branch="False" />
                <line number="94" hits="2" branch="False" />
                <line number="95" hits="2" branch="True" condition-coverage="100% (2/2)">
                  <conditions>
                    <condition number="53" type="jump" coverage="100%" />
                  </conditions>
                </line>
                <line number="96" hits="2" branch="False" />
                <line number="97" hits="2" branch="False" />
                <line number="98" hits="2" branch="False" />
                <line number="99" hits="2" branch="True" condition-coverage="50% (1/2)">
                  <conditions>
                    <condition number="87" type="jump" coverage="50%" />
                  </conditions>
                </line>
                <line number="100" hits="114" branch="True" condition-coverage="75% (3/4)">
                  <conditions>
                    <condition number="133" type="jump" coverage="50%" />
                    <condition number="216" type="jump" coverage="100%" />
                  </conditions>
                </line>
                <line number="101" hits="54" branch="False" />
                <line number="103" hits="54" branch="False" />
                <line number="104" hits="54" branch="False" />
                <line number="105" hits="54" branch="False" />
                <line number="106" hits="54" branch="False" />
                <line number="107" hits="0" branch="False" />
                <line number="108" hits="0" branch="False" />
                <line number="109" hits="0" branch="False" />
                <line number="110" hits="0" branch="False" />
                <line number="111" hits="54" branch="False" />
                <line number="112" hits="2" branch="False" />
                <line number="114" hits="2" branch="False" />
                <line number="115" hits="2" branch="False" />
              </lines>
            </method>
          </methods>
          <lines>
            <line number="19" hits="2" branch="False" />
            <line number="26" hits="2" branch="False" />
            <line number="29" hits="2" branch="False" />
            <line number="30" hits="2" branch="True" condition-coverage="75% (3/4)">
              <conditions>
                <condition number="24" type="jump" coverage="50%" />
                <condition number="39" type="jump" coverage="100%" />
              </conditions>
            </line>
            <line number="31" hits="2" branch="False" />
            <line number="32" hits="2" branch="False" />
            <line number="33" hits="2" branch="False" />
            <line number="34" hits="2" branch="False" />
            <line number="35" hits="2" branch="False" />
            <line number="36" hits="620" branch="True" condition-coverage="100% (2/2)">
              <conditions>
                <condition number="288" type="jump" coverage="100%" />
              </conditions>
            </line>
            <line number="37" hits="307" branch="False" />
            <line number="38" hits="307" branch="True" condition-coverage="100% (2/2)">
              <conditions>
                <condition number="102" type="jump" coverage="100%" />
              </conditions>
            </line>
            <line number="39" hits="27" branch="False" />
            <line number="40" hits="27" branch="False" />
            <line number="45" hits="280" branch="False" />
            <line number="46" hits="848" branch="True" condition-coverage="100% (2/2)">
              <conditions>
                <condition number="215" type="jump" coverage="100%" />
              </conditions>
            </line>
            <line number="47" hits="4" branch="False" />
            <line number="48" hits="4" branch="False" />
            <line number="50" hits="4" branch="True" condition-coverage="75% (3/4)">
              <conditions>
                <condition number="173" type="jump" coverage="50%" />
                <condition number="193" type="jump" coverage="100%" />
              </conditions>
            </line>
            <line number="51" hits="4" branch="False" />
            <line number="52" hits="4" branch="False" />
            <line number="53" hits="4" branch="False" />
            <line number="54" hits="4" branch="False" />
            <line number="56" hits="280" branch="True" condition-coverage="100% (2/2)">
              <conditions>
                <condition number="243" type="jump" coverage="100%" />
              </conditions>
            </line>
            <line number="57" hits="4" branch="False" />
            <line number="58" hits="4" branch="False" />
            <line number="60" hits="4" branch="False" />
            <line number="61" hits="4" branch="False" />
            <line number="62" hits="280" branch="False" />
            <line number="64" hits="2" branch="False" />
            <line number="65" hits="2" branch="False" />
            <line number="68" hits="8" branch="False" />
            <line number="69" hits="8" branch="False" />
            <line number="70" hits="8" branch="False" />
            <line number="71" hits="40" branch="True" condition-coverage="100% (2/2)">
              <conditions>
                <condition number="132" type="jump" coverage="100%" />
              </conditions>
            </line>
            <line number="72" hits="8" branch="False" />
            <line number="73" hits="16" branch="True" condition-coverage="100% (2/2)">
              <conditions>
                <condition number="71" type="jump" coverage="100%" />
              </conditions>
            </line>
            <line number="74" hits="4" branch="False" />
            <line number="75" hits="4" branch="False" />
            <line number="76" hits="4" branch="False" />
            <line number="78" hits="4" branch="False" />
            <line number="79" hits="4" branch="False" />
            <line number="80" hits="4" branch="False" />
            <line number="81" hits="8" branch="False" />
            <line number="82" hits="8" branch="False" />
            <line number="90" hits="2" branch="False" />
            <line number="92" hits="2" branch="True" condition-coverage="50% (1/2)">
              <conditions>
                <condition number="7" type="jump" coverage="50%" />
              </conditions>
            </line>
            <line number="93" hits="2" branch="False" />
            <line number="94" hits="2" branch="False" />
            <line number="95" hits="2" branch="True" condition-coverage="100% (2/2)">
              <conditions>
                <condition number="53" type="jump" coverage="100%" />
              </conditions>
            </line>
            <line number="96" hits="2" branch="False" />
            <line number="97" hits="2" branch="False" />
            <line number="98" hits="2" branch="False" />
            <line number="99" hits="2" branch="True" condition-coverage="50% (1/2)">
              <conditions>
                <condition number="87" type="jump" coverage="50%" />
              </conditions>
            </line>
            <line number="100" hits="114" branch="True" condition-coverage="75% (3/4)">
              <conditions>
                <condition number="133" type="jump" coverage="50%" />
                <condition number="216" type="jump" coverage="100%" />
              </conditions>
            </line>
            <line number="101" hits="54" branch="False" />
            <line number="103" hits="54" branch="False" />
            <line number="104" hits="54" branch="False" />
            <line number="105" hits="54" branch="False" />
            <line number="106" hits="54" branch="False" />
            <line number="107" hits="0" branch="False" />
            <line number="108" hits="0" branch="False" />
            <line number="109" hits="0" branch="False" />
            <line number="110" hits="0" branch="False" />
            <line number="111" hits="54" branch="False" />
            <line number="112" hits="2" branch="False" />
            <line number="114" hits="2" branch="False" />
            <line number="115" hits="2" branch="False" />
          </lines>
        </class>
        <class name="Razor.Templating.Core.Infrastructure.HostingEnvironment" filename="Infrastructure\HostingEnvironment.cs" line-rate="1" branch-rate="1" complexity="7">
          <methods>
            <method name="get_EnvironmentName" signature="()" line-rate="1" branch-rate="1" complexity="1">
              <lines>
                <line number="12" hits="2" branch="False" />
              </lines>
            </method>
            <method name="get_ApplicationName" signature="()" line-rate="1" branch-rate="1" complexity="1">
              <lines>
                <line number="13" hits="6" branch="False" />
              </lines>
            </method>
            <method name="get_WebRootPath" signature="()" line-rate="1" branch-rate="1" complexity="1">
              <lines>
                <line number="14" hits="4" branch="False" />
              </lines>
            </method>
            <method name="get_WebRootFileProvider" signature="()" line-rate="1" branch-rate="1" complexity="1">
              <lines>
                <line number="15" hits="4" branch="False" />
              </lines>
            </method>
            <method name="get_ContentRootPath" signature="()" line-rate="1" branch-rate="1" complexity="1">
              <lines>
                <line number="16" hits="4" branch="False" />
              </lines>
            </method>
            <method name="get_ContentRootFileProvider" signature="()" line-rate="1" branch-rate="1" complexity="1">
              <lines>
                <line number="17" hits="4" branch="False" />
              </lines>
            </method>
            <method name=".ctor" signature="()" line-rate="1" branch-rate="1" complexity="1">
              <lines>
                <line number="8" hits="2" branch="False" />
                <line number="9" hits="2" branch="False" />
                <line number="10" hits="2" branch="False" />
              </lines>
            </method>
          </methods>
          <lines>
            <line number="12" hits="2" branch="False" />
            <line number="13" hits="6" branch="False" />
            <line number="14" hits="4" branch="False" />
            <line number="15" hits="4" branch="False" />
            <line number="16" hits="4" branch="False" />
            <line number="17" hits="4" branch="False" />
            <line number="8" hits="2" branch="False" />
            <line number="9" hits="2" branch="False" />
            <line number="10" hits="2" branch="False" />
          </lines>
        </class>
        <class name="Razor.Templating.Core.Infrastructure.Logger" filename="Infrastructure\Logger.cs" line-rate="1" branch-rate="1" complexity="1">
          <methods>
            <method name="Log" signature="(System.String)" line-rate="1" branch-rate="1" complexity="1">
              <lines>
                <line number="10" hits="28" branch="False" />
                <line number="12" hits="28" branch="False" />
                <line number="13" hits="28" branch="False" />
                <line number="14" hits="28" branch="False" />
                <line number="16" hits="28" branch="False" />
              </lines>
            </method>
          </methods>
          <lines>
            <line number="10" hits="28" branch="False" />
            <line number="12" hits="28" branch="False" />
            <line number="13" hits="28" branch="False" />
            <line number="14" hits="28" branch="False" />
            <line number="16" hits="28" branch="False" />
          </lines>
        </class>
      </classes>
    </package>
  </packages>
</coverage>