<?xml version="1.0" encoding="utf-8"?>
<coverage line-rate="0.9396" branch-rate="0.78" version="1.9" timestamp="1663424640" lines-covered="249" lines-valid="265" branches-covered="39" branches-valid="50">
  <sources>
    <source>D:\Projects\RazorTemplatingReview\RazorTemplating\src\Razor.Templating.Core\</source>
  </sources>
  <packages>
    <package name="Razor.Templating.Core" line-rate="0.9396" branch-rate="0.78" complexity="68">
      <classes>
        <class name="Microsoft.Extensions.DependencyInjection.ServiceCollectionExtensions" filename="Infrastructure\ServiceCollectionExtensions.cs" line-rate="0.9361" branch-rate="0.75" complexity="8">
          <methods>
            <method name="AddRazorTemplating" signature="(Microsoft.Extensions.DependencyInjection.IServiceCollection)" line-rate="0.9361" branch-rate="0.75" complexity="8">
              <lines>
                <line number="26" hits="15" branch="False" />
                <line number="27" hits="15" branch="False" />
                <line number="30" hits="15" branch="False" />
                <line number="35" hits="15" branch="False" />
                <line number="38" hits="15" branch="False" />
                <line number="40" hits="15" branch="False" />
                <line number="41" hits="15" branch="False" />
                <line number="42" hits="15" branch="False" />
                <line number="44" hits="15" branch="False" />
                <line number="46" hits="15" branch="True" condition-coverage="50% (2/4)">
                  <conditions>
                    <condition number="103" type="jump" coverage="50%" />
                    <condition number="120" type="jump" coverage="50%" />
                  </conditions>
                </line>
                <line number="47" hits="15" branch="False" />
                <line number="48" hits="15" branch="False" />
                <line number="49" hits="15" branch="False" />
                <line number="50" hits="15" branch="False" />
                <line number="51" hits="15" branch="False" />
                <line number="52" hits="15" branch="False" />
                <line number="53" hits="15" branch="False" />
                <line number="54" hits="15" branch="False" />
                <line number="55" hits="15" branch="False" />
                <line number="56" hits="15" branch="False" />
                <line number="57" hits="15" branch="False" />
                <line number="58" hits="15" branch="False" />
                <line number="59" hits="15" branch="False" />
                <line number="60" hits="15" branch="False" />
                <line number="61" hits="15" branch="False" />
                <line number="64" hits="15" branch="False" />
                <line number="65" hits="15" branch="False" />
                <line number="66" hits="15" branch="False" />
                <line number="67" hits="15" branch="False" />
                <line number="68" hits="495" branch="True" condition-coverage="100% (2/2)">
                  <conditions>
                    <condition number="263" type="jump" coverage="100%" />
                  </conditions>
                </line>
                <line number="69" hits="225" branch="False" />
                <line number="70" hits="15" branch="False" />
                <line number="71" hits="2025" branch="True" condition-coverage="100% (2/2)">
                  <conditions>
                    <condition number="133" type="jump" coverage="100%" />
                  </conditions>
                </line>
                <line number="72" hits="225" branch="False" />
                <line number="73" hits="225" branch="False" />
                <line number="74" hits="225" branch="False" />
                <line number="75" hits="225" branch="False" />
                <line number="76" hits="15" branch="False" />
                <line number="77" hits="0" branch="False" />
                <line number="78" hits="0" branch="False" />
                <line number="79" hits="0" branch="False" />
                <line number="80" hits="225" branch="False" />
                <line number="81" hits="30" branch="False" />
                <line number="83" hits="15" branch="False" />
                <line number="84" hits="15" branch="False" />
                <line number="88" hits="15" branch="False" />
                <line number="89" hits="15" branch="False" />
              </lines>
            </method>
          </methods>
          <lines>
            <line number="26" hits="15" branch="False" />
            <line number="27" hits="15" branch="False" />
            <line number="30" hits="15" branch="False" />
            <line number="35" hits="15" branch="False" />
            <line number="38" hits="15" branch="False" />
            <line number="40" hits="15" branch="False" />
            <line number="41" hits="15" branch="False" />
            <line number="42" hits="15" branch="False" />
            <line number="44" hits="15" branch="False" />
            <line number="46" hits="15" branch="True" condition-coverage="50% (2/4)">
              <conditions>
                <condition number="103" type="jump" coverage="50%" />
                <condition number="120" type="jump" coverage="50%" />
              </conditions>
            </line>
            <line number="47" hits="15" branch="False" />
            <line number="48" hits="15" branch="False" />
            <line number="49" hits="15" branch="False" />
            <line number="50" hits="15" branch="False" />
            <line number="51" hits="15" branch="False" />
            <line number="52" hits="15" branch="False" />
            <line number="53" hits="15" branch="False" />
            <line number="54" hits="15" branch="False" />
            <line number="55" hits="15" branch="False" />
            <line number="56" hits="15" branch="False" />
            <line number="57" hits="15" branch="False" />
            <line number="58" hits="15" branch="False" />
            <line number="59" hits="15" branch="False" />
            <line number="60" hits="15" branch="False" />
            <line number="61" hits="15" branch="False" />
            <line number="64" hits="15" branch="False" />
            <line number="65" hits="15" branch="False" />
            <line number="66" hits="15" branch="False" />
            <line number="67" hits="15" branch="False" />
            <line number="68" hits="495" branch="True" condition-coverage="100% (2/2)">
              <conditions>
                <condition number="263" type="jump" coverage="100%" />
              </conditions>
            </line>
            <line number="69" hits="225" branch="False" />
            <line number="70" hits="15" branch="False" />
            <line number="71" hits="2025" branch="True" condition-coverage="100% (2/2)">
              <conditions>
                <condition number="133" type="jump" coverage="100%" />
              </conditions>
            </line>
            <line number="72" hits="225" branch="False" />
            <line number="73" hits="225" branch="False" />
            <line number="74" hits="225" branch="False" />
            <line number="75" hits="225" branch="False" />
            <line number="76" hits="15" branch="False" />
            <line number="77" hits="0" branch="False" />
            <line number="78" hits="0" branch="False" />
            <line number="79" hits="0" branch="False" />
            <line number="80" hits="225" branch="False" />
            <line number="81" hits="30" branch="False" />
            <line number="83" hits="15" branch="False" />
            <line number="84" hits="15" branch="False" />
            <line number="88" hits="15" branch="False" />
            <line number="89" hits="15" branch="False" />
          </lines>
        </class>
        <class name="Razor.Templating.Core.RazorTemplateEngine" filename="RazorTemplateEngine.cs" line-rate="1" branch-rate="1" complexity="5">
          <methods>
            <method name="UseServiceCollection" signature="(Microsoft.Extensions.DependencyInjection.IServiceCollection)" line-rate="1" branch-rate="1" complexity="1">
              <lines>
                <line number="20" hits="15" branch="False" />
                <line number="21" hits="15" branch="False" />
                <line number="25" hits="15" branch="False" />
                <line number="26" hits="15" branch="False" />
              </lines>
            </method>
            <method name="Initialize" signature="()" line-rate="1" branch-rate="1" complexity="1">
              <lines>
                <line number="33" hits="1" branch="False" />
                <line number="35" hits="1" branch="False" />
              </lines>
            </method>
            <method name="CreateInstance" signature="()" line-rate="1" branch-rate="1" complexity="2">
              <lines>
                <line number="42" hits="5" branch="False" />
                <line number="44" hits="5" branch="True" condition-coverage="100% (2/2)">
                  <conditions>
                    <condition number="11" type="jump" coverage="100%" />
                  </conditions>
                </line>
                <line number="45" hits="1" branch="False" />
                <line number="48" hits="1" branch="False" />
                <line number="49" hits="1" branch="False" />
                <line number="50" hits="1" branch="False" />
                <line number="52" hits="5" branch="False" />
                <line number="53" hits="5" branch="False" />
              </lines>
            </method>
            <method name=".cctor" signature="()" line-rate="1" branch-rate="1" complexity="1">
              <lines>
                <line number="10" hits="1" branch="False" />
              </lines>
            </method>
          </methods>
          <lines>
            <line number="20" hits="15" branch="False" />
            <line number="21" hits="15" branch="False" />
            <line number="25" hits="15" branch="False" />
            <line number="26" hits="15" branch="False" />
            <line number="33" hits="1" branch="False" />
            <line number="35" hits="1" branch="False" />
            <line number="42" hits="5" branch="False" />
            <line number="44" hits="5" branch="True" condition-coverage="100% (2/2)">
              <conditions>
                <condition number="11" type="jump" coverage="100%" />
              </conditions>
            </line>
            <line number="45" hits="1" branch="False" />
            <line number="48" hits="1" branch="False" />
            <line number="49" hits="1" branch="False" />
            <line number="50" hits="1" branch="False" />
            <line number="52" hits="5" branch="False" />
            <line number="53" hits="5" branch="False" />
            <line number="10" hits="1" branch="False" />
          </lines>
        </class>
        <class name="Razor.Templating.Core.RazorTemplateEngine/&lt;RenderAsync&gt;d__5" filename="RazorTemplateEngine.cs" line-rate="1" branch-rate="1" complexity="2">
          <methods>
            <method name="MoveNext" signature="()" line-rate="1" branch-rate="1" complexity="2">
              <lines>
                <line number="63" hits="12" branch="False" />
                <line number="64" hits="12" branch="True" condition-coverage="100% (2/2)">
                  <conditions>
                    <condition number="28" type="jump" coverage="100%" />
                  </conditions>
                </line>
                <line number="65" hits="3" branch="False" />
                <line number="66" hits="3" branch="False" />
                <line number="69" hits="9" branch="False" />
                <line number="70" hits="8" branch="False" />
              </lines>
            </method>
          </methods>
          <lines>
            <line number="63" hits="12" branch="False" />
            <line number="64" hits="12" branch="True" condition-coverage="100% (2/2)">
              <conditions>
                <condition number="28" type="jump" coverage="100%" />
              </conditions>
            </line>
            <line number="65" hits="3" branch="False" />
            <line number="66" hits="3" branch="False" />
            <line number="69" hits="9" branch="False" />
            <line number="70" hits="8" branch="False" />
          </lines>
        </class>
        <class name="Razor.Templating.Core.RazorTemplateEngine/&lt;RenderAsync&gt;d__6`1" filename="RazorTemplateEngine.cs" line-rate="0.6666" branch-rate="0.5" complexity="2">
          <methods>
            <method name="MoveNext" signature="()" line-rate="0.6666" branch-rate="0.5" complexity="2">
              <lines>
                <line number="82" hits="1" branch="False" />
                <line number="85" hits="1" branch="True" condition-coverage="50% (1/2)">
                  <conditions>
                    <condition number="28" type="jump" coverage="50%" />
                  </conditions>
                </line>
                <line number="86" hits="0" branch="False" />
                <line number="87" hits="0" branch="False" />
                <line number="90" hits="1" branch="False" />
                <line number="91" hits="1" branch="False" />
              </lines>
            </method>
          </methods>
          <lines>
            <line number="82" hits="1" branch="False" />
            <line number="85" hits="1" branch="True" condition-coverage="50% (1/2)">
              <conditions>
                <condition number="28" type="jump" coverage="50%" />
              </conditions>
            </line>
            <line number="86" hits="0" branch="False" />
            <line number="87" hits="0" branch="False" />
            <line number="90" hits="1" branch="False" />
            <line number="91" hits="1" branch="False" />
          </lines>
        </class>
        <class name="Razor.Templating.Core.RazorTemplateEngineRenderer" filename="RazorTemplateEngineRenderer.cs" line-rate="1" branch-rate="0.5" complexity="2">
          <methods>
            <method name=".ctor" signature="(System.IServiceProvider)" line-rate="1" branch-rate="0.5" complexity="2">
              <lines>
                <line number="19" hits="18" branch="False" />
                <line number="20" hits="18" branch="False" />
                <line number="21" hits="18" branch="True" condition-coverage="50% (1/2)">
                  <conditions>
                    <condition number="11" type="jump" coverage="50%" />
                  </conditions>
                </line>
                <line number="22" hits="18" branch="False" />
              </lines>
            </method>
          </methods>
          <lines>
            <line number="19" hits="18" branch="False" />
            <line number="20" hits="18" branch="False" />
            <line number="21" hits="18" branch="True" condition-coverage="50% (1/2)">
              <conditions>
                <condition number="11" type="jump" coverage="50%" />
              </conditions>
            </line>
            <line number="22" hits="18" branch="False" />
          </lines>
        </class>
        <class name="Razor.Templating.Core.RazorTemplateEngineRenderer/&lt;RenderAsync&gt;d__2" filename="RazorTemplateEngineRenderer.cs" line-rate="1" branch-rate="1" complexity="6">
          <methods>
            <method name="MoveNext" signature="()" line-rate="1" branch-rate="1" complexity="6">
              <lines>
                <line number="32" hits="23" branch="False" />
                <line number="33" hits="23" branch="True" condition-coverage="100% (2/2)">
                  <conditions>
                    <condition number="31" type="jump" coverage="100%" />
                  </conditions>
                </line>
                <line number="34" hits="3" branch="False" />
                <line number="35" hits="3" branch="False" />
                <line number="38" hits="20" branch="False" />
                <line number="40" hits="72" branch="True" condition-coverage="100% (4/4)">
                  <conditions>
                    <condition number="75" type="jump" coverage="100%" />
                    <condition number="155" type="jump" coverage="100%" />
                  </conditions>
                </line>
                <line number="41" hits="6" branch="False" />
                <line number="42" hits="6" branch="False" />
                <line number="43" hits="6" branch="False" />
                <line number="45" hits="20" branch="False" />
                <line number="46" hits="20" branch="False" />
                <line number="47" hits="20" branch="False" />
                <line number="48" hits="18" branch="False" />
              </lines>
            </method>
          </methods>
          <lines>
            <line number="32" hits="23" branch="False" />
            <line number="33" hits="23" branch="True" condition-coverage="100% (2/2)">
              <conditions>
                <condition number="31" type="jump" coverage="100%" />
              </conditions>
            </line>
            <line number="34" hits="3" branch="False" />
            <line number="35" hits="3" branch="False" />
            <line number="38" hits="20" branch="False" />
            <line number="40" hits="72" branch="True" condition-coverage="100% (4/4)">
              <conditions>
                <condition number="75" type="jump" coverage="100%" />
                <condition number="155" type="jump" coverage="100%" />
              </conditions>
            </line>
            <line number="41" hits="6" branch="False" />
            <line number="42" hits="6" branch="False" />
            <line number="43" hits="6" branch="False" />
            <line number="45" hits="20" branch="False" />
            <line number="46" hits="20" branch="False" />
            <line number="47" hits="20" branch="False" />
            <line number="48" hits="18" branch="False" />
          </lines>
        </class>
        <class name="Razor.Templating.Core.RazorViewToStringRenderer" filename="RazorViewToStringRenderer.cs" line-rate="0.9591" branch-rate="0.75" complexity="6">
          <methods>
            <method name="FindView" signature="(Microsoft.AspNetCore.Mvc.ActionContext,System.String)" line-rate="0.909" branch-rate="0.75" complexity="4">
              <lines>
                <line number="58" hits="20" branch="False" />
                <line number="59" hits="20" branch="False" />
                <line number="60" hits="20" branch="True" condition-coverage="100% (2/2)">
                  <conditions>
                    <condition number="26" type="jump" coverage="100%" />
                  </conditions>
                </line>
                <line number="61" hits="18" branch="False" />
                <line number="62" hits="18" branch="False" />
                <line number="65" hits="2" branch="False" />
                <line number="66" hits="2" branch="True" condition-coverage="50% (1/2)">
                  <conditions>
                    <condition number="67" type="jump" coverage="50%" />
                  </conditions>
                </line>
                <line number="67" hits="0" branch="False" />
                <line number="68" hits="0" branch="False" />
                <line number="71" hits="2" branch="False" />
                <line number="72" hits="2" branch="False" />
                <line number="73" hits="2" branch="False" />
                <line number="74" hits="2" branch="False" />
                <line number="75" hits="2" branch="False" />
                <line number="76" hits="2" branch="False" />
                <line number="77" hits="2" branch="False" />
                <line number="78" hits="2" branch="False" />
                <line number="79" hits="2" branch="False" />
                <line number="80" hits="2" branch="False" />
                <line number="81" hits="2" branch="False" />
                <line number="83" hits="2" branch="False" />
                <line number="84" hits="18" branch="False" />
              </lines>
            </method>
            <method name="GetActionContext" signature="()" line-rate="1" branch-rate="1" complexity="1">
              <lines>
                <line number="87" hits="20" branch="False" />
                <line number="88" hits="20" branch="False" />
                <line number="89" hits="20" branch="False" />
                <line number="90" hits="20" branch="False" />
                <line number="91" hits="20" branch="False" />
                <line number="92" hits="20" branch="False" />
                <line number="93" hits="20" branch="False" />
                <line number="94" hits="20" branch="False" />
                <line number="95" hits="20" branch="False" />
                <line number="96" hits="20" branch="False" />
                <line number="98" hits="20" branch="False" />
                <line number="99" hits="20" branch="False" />
                <line number="100" hits="20" branch="False" />
                <line number="101" hits="20" branch="False" />
                <line number="103" hits="20" branch="False" />
                <line number="104" hits="20" branch="False" />
                <line number="105" hits="20" branch="False" />
                <line number="106" hits="20" branch="False" />
              </lines>
            </method>
            <method name=".ctor" signature="(Microsoft.AspNetCore.Mvc.Razor.IRazorViewEngine,Microsoft.AspNetCore.Mvc.ViewFeatures.ITempDataProvider,System.IServiceProvider)" line-rate="1" branch-rate="1" complexity="1">
              <lines>
                <line number="26" hits="20" branch="False" />
                <line number="27" hits="20" branch="False" />
                <line number="28" hits="20" branch="False" />
                <line number="29" hits="20" branch="False" />
                <line number="30" hits="20" branch="False" />
                <line number="31" hits="20" branch="False" />
                <line number="32" hits="20" branch="False" />
                <line number="33" hits="20" branch="False" />
                <line number="34" hits="20" branch="False" />
              </lines>
            </method>
          </methods>
          <lines>
            <line number="58" hits="20" branch="False" />
            <line number="59" hits="20" branch="False" />
            <line number="60" hits="20" branch="True" condition-coverage="100% (2/2)">
              <conditions>
                <condition number="26" type="jump" coverage="100%" />
              </conditions>
            </line>
            <line number="61" hits="18" branch="False" />
            <line number="62" hits="18" branch="False" />
            <line number="65" hits="2" branch="False" />
            <line number="66" hits="2" branch="True" condition-coverage="50% (1/2)">
              <conditions>
                <condition number="67" type="jump" coverage="50%" />
              </conditions>
            </line>
            <line number="67" hits="0" branch="False" />
            <line number="68" hits="0" branch="False" />
            <line number="71" hits="2" branch="False" />
            <line number="72" hits="2" branch="False" />
            <line number="73" hits="2" branch="False" />
            <line number="74" hits="2" branch="False" />
            <line number="75" hits="2" branch="False" />
            <line number="76" hits="2" branch="False" />
            <line number="77" hits="2" branch="False" />
            <line number="78" hits="2" branch="False" />
            <line number="79" hits="2" branch="False" />
            <line number="80" hits="2" branch="False" />
            <line number="81" hits="2" branch="False" />
            <line number="83" hits="2" branch="False" />
            <line number="84" hits="18" branch="False" />
            <line number="87" hits="20" branch="False" />
            <line number="88" hits="20" branch="False" />
            <line number="89" hits="20" branch="False" />
            <line number="90" hits="20" branch="False" />
            <line number="91" hits="20" branch="False" />
            <line number="92" hits="20" branch="False" />
            <line number="93" hits="20" branch="False" />
            <line number="94" hits="20" branch="False" />
            <line number="95" hits="20" branch="False" />
            <line number="96" hits="20" branch="False" />
            <line number="98" hits="20" branch="False" />
            <line number="99" hits="20" branch="False" />
            <line number="100" hits="20" branch="False" />
            <line number="101" hits="20" branch="False" />
            <line number="103" hits="20" branch="False" />
            <line number="104" hits="20" branch="False" />
            <line number="105" hits="20" branch="False" />
            <line number="106" hits="20" branch="False" />
            <line number="26" hits="20" branch="False" />
            <line number="27" hits="20" branch="False" />
            <line number="28" hits="20" branch="False" />
            <line number="29" hits="20" branch="False" />
            <line number="30" hits="20" branch="False" />
            <line number="31" hits="20" branch="False" />
            <line number="32" hits="20" branch="False" />
            <line number="33" hits="20" branch="False" />
            <line number="34" hits="20" branch="False" />
          </lines>
        </class>
        <class name="Razor.Templating.Core.RazorViewToStringRenderer/&lt;RenderViewToStringAsync&gt;d__4" filename="RazorViewToStringRenderer.cs" line-rate="1" branch-rate="1" complexity="1">
          <methods>
            <method name="MoveNext" signature="()" line-rate="1" branch-rate="1" complexity="1">
              <lines>
                <line number="37" hits="20" branch="False" />
                <line number="38" hits="20" branch="False" />
                <line number="39" hits="20" branch="False" />
                <line number="41" hits="18" branch="False" />
                <line number="42" hits="18" branch="False" />
                <line number="43" hits="18" branch="False" />
                <line number="44" hits="18" branch="False" />
                <line number="45" hits="18" branch="False" />
                <line number="46" hits="18" branch="False" />
                <line number="47" hits="18" branch="False" />
                <line number="48" hits="18" branch="False" />
                <line number="49" hits="18" branch="False" />
                <line number="50" hits="18" branch="False" />
                <line number="52" hits="18" branch="False" />
                <line number="54" hits="18" branch="False" />
                <line number="55" hits="18" branch="False" />
              </lines>
            </method>
          </methods>
          <lines>
            <line number="37" hits="20" branch="False" />
            <line number="38" hits="20" branch="False" />
            <line number="39" hits="20" branch="False" />
            <line number="41" hits="18" branch="False" />
            <line number="42" hits="18" branch="False" />
            <line number="43" hits="18" branch="False" />
            <line number="44" hits="18" branch="False" />
            <line number="45" hits="18" branch="False" />
            <line number="46" hits="18" branch="False" />
            <line number="47" hits="18" branch="False" />
            <line number="48" hits="18" branch="False" />
            <line number="49" hits="18" branch="False" />
            <line number="50" hits="18" branch="False" />
            <line number="52" hits="18" branch="False" />
            <line number="54" hits="18" branch="False" />
            <line number="55" hits="18" branch="False" />
          </lines>
        </class>
        <class name="Razor.Templating.Core.CustomRouter" filename="RazorViewToStringRenderer.cs" line-rate="0.5" branch-rate="1" complexity="2">
          <methods>
            <method name="GetVirtualPath" signature="(Microsoft.AspNetCore.Routing.VirtualPathContext)" line-rate="1" branch-rate="1" complexity="1">
              <lines>
                <line number="112" hits="4" branch="False" />
                <line number="113" hits="4" branch="False" />
                <line number="114" hits="4" branch="False" />
              </lines>
            </method>
            <method name="RouteAsync" signature="(Microsoft.AspNetCore.Routing.RouteContext)" line-rate="0" branch-rate="1" complexity="1">
              <lines>
                <line number="117" hits="0" branch="False" />
                <line number="118" hits="0" branch="False" />
                <line number="119" hits="0" branch="False" />
              </lines>
            </method>
          </methods>
          <lines>
            <line number="112" hits="4" branch="False" />
            <line number="113" hits="4" branch="False" />
            <line number="114" hits="4" branch="False" />
            <line number="117" hits="0" branch="False" />
            <line number="118" hits="0" branch="False" />
            <line number="119" hits="0" branch="False" />
          </lines>
        </class>
        <class name="Razor.Templating.Core.Infrastructure.ApplicationPartsManager" filename="Infrastructure\ApplicationPartsManager.cs" line-rate="0.922" branch-rate="0.75" complexity="22">
          <methods>
            <method name="GetApplicationParts" signature="()" line-rate="1" branch-rate="1" complexity="2">
              <lines>
                <line number="18" hits="15" branch="False" />
                <line number="19" hits="15" branch="False" />
                <line number="20" hits="15" branch="False" />
                <line number="21" hits="465" branch="True" condition-coverage="100% (2/2)">
                  <conditions>
                    <condition number="52" type="jump" coverage="100%" />
                  </conditions>
                </line>
                <line number="22" hits="210" branch="False" />
                <line number="23" hits="210" branch="False" />
                <line number="24" hits="210" branch="False" />
                <line number="26" hits="15" branch="False" />
                <line number="27" hits="15" branch="False" />
              </lines>
            </method>
            <method name="AddApplicationParts" signature="(System.Collections.Generic.List`1&lt;Microsoft.AspNetCore.Mvc.ApplicationParts.ApplicationPart&gt;&amp;,System.Reflection.Assembly)" line-rate="1" branch-rate="1" complexity="1">
              <lines>
                <line number="35" hits="210" branch="False" />
                <line number="36" hits="210" branch="False" />
                <line number="37" hits="210" branch="False" />
                <line number="38" hits="210" branch="False" />
                <line number="39" hits="210" branch="False" />
              </lines>
            </method>
            <method name="GetAllBinDirectoryAssemblies" signature="()" line-rate="0.7391" branch-rate="0.6" complexity="10">
              <lines>
                <line number="47" hits="15" branch="False" />
                <line number="49" hits="15" branch="True" condition-coverage="50% (1/2)">
                  <conditions>
                    <condition number="7" type="jump" coverage="50%" />
                  </conditions>
                </line>
                <line number="50" hits="15" branch="False" />
                <line number="51" hits="15" branch="False" />
                <line number="52" hits="15" branch="True" condition-coverage="50% (1/2)">
                  <conditions>
                    <condition number="52" type="jump" coverage="50%" />
                  </conditions>
                </line>
                <line number="53" hits="0" branch="False" />
                <line number="54" hits="0" branch="False" />
                <line number="57" hits="15" branch="False" />
                <line number="58" hits="15" branch="False" />
                <line number="59" hits="15" branch="True" condition-coverage="50% (1/2)">
                  <conditions>
                    <condition number="109" type="jump" coverage="50%" />
                  </conditions>
                </line>
                <line number="61" hits="735" branch="True" condition-coverage="75% (3/4)">
                  <conditions>
                    <condition number="166" type="jump" coverage="50%" />
                    <condition number="260" type="jump" coverage="100%" />
                  </conditions>
                </line>
                <line number="62" hits="345" branch="False" />
                <line number="64" hits="345" branch="False" />
                <line number="65" hits="345" branch="False" />
                <line number="66" hits="345" branch="False" />
                <line number="67" hits="345" branch="False" />
                <line number="68" hits="0" branch="False" />
                <line number="69" hits="0" branch="False" />
                <line number="70" hits="0" branch="False" />
                <line number="71" hits="0" branch="False" />
                <line number="72" hits="345" branch="False" />
                <line number="74" hits="15" branch="False" />
                <line number="75" hits="15" branch="False" />
              </lines>
            </method>
            <method name="GetAllAssemblies" signature="()" line-rate="1" branch-rate="0.75" complexity="4">
              <lines>
                <line number="89" hits="15" branch="False" />
                <line number="91" hits="15" branch="False" />
                <line number="94" hits="15" branch="False" />
                <line number="95" hits="15" branch="False" />
                <line number="96" hits="15" branch="True" condition-coverage="75% (3/4)">
                  <conditions>
                    <condition number="31" type="jump" coverage="50%" />
                    <condition number="44" type="jump" coverage="100%" />
                  </conditions>
                </line>
                <line number="97" hits="15" branch="False" />
                <line number="98" hits="15" branch="False" />
                <line number="99" hits="15" branch="False" />
                <line number="101" hits="15" branch="False" />
                <line number="102" hits="15" branch="False" />
              </lines>
            </method>
            <method name="GetRclAssemblies" signature="()" line-rate="1" branch-rate="1" complexity="4">
              <lines>
                <line number="109" hits="15" branch="False" />
                <line number="110" hits="15" branch="False" />
                <line number="111" hits="15" branch="False" />
                <line number="113" hits="10395" branch="True" condition-coverage="100% (2/2)">
                  <conditions>
                    <condition number="117" type="jump" coverage="100%" />
                  </conditions>
                </line>
                <line number="114" hits="5175" branch="False" />
                <line number="115" hits="49170" branch="False" />
                <line number="116" hits="5175" branch="True" condition-coverage="100% (2/2)">
                  <conditions>
                    <condition number="97" type="jump" coverage="100%" />
                  </conditions>
                </line>
                <line number="117" hits="240" branch="False" />
                <line number="118" hits="240" branch="False" />
                <line number="119" hits="240" branch="False" />
                <line number="120" hits="5175" branch="False" />
                <line number="122" hits="15" branch="False" />
                <line number="123" hits="15" branch="False" />
              </lines>
            </method>
            <method name=".cctor" signature="()" line-rate="1" branch-rate="1" complexity="1">
              <lines>
                <line number="128" hits="1" branch="False" />
                <line number="129" hits="1" branch="False" />
                <line number="130" hits="1" branch="False" />
                <line number="131" hits="1" branch="False" />
                <line number="132" hits="1" branch="False" />
                <line number="133" hits="1" branch="False" />
                <line number="134" hits="1" branch="False" />
                <line number="135" hits="1" branch="False" />
                <line number="136" hits="1" branch="False" />
                <line number="137" hits="1" branch="False" />
                <line number="138" hits="1" branch="False" />
                <line number="139" hits="1" branch="False" />
                <line number="140" hits="1" branch="False" />
                <line number="141" hits="1" branch="False" />
                <line number="142" hits="1" branch="False" />
                <line number="143" hits="1" branch="False" />
                <line number="144" hits="1" branch="False" />
              </lines>
            </method>
          </methods>
          <lines>
            <line number="18" hits="15" branch="False" />
            <line number="19" hits="15" branch="False" />
            <line number="20" hits="15" branch="False" />
            <line number="21" hits="465" branch="True" condition-coverage="100% (2/2)">
              <conditions>
                <condition number="52" type="jump" coverage="100%" />
              </conditions>
            </line>
            <line number="22" hits="210" branch="False" />
            <line number="23" hits="210" branch="False" />
            <line number="24" hits="210" branch="False" />
            <line number="26" hits="15" branch="False" />
            <line number="27" hits="15" branch="False" />
            <line number="35" hits="210" branch="False" />
            <line number="36" hits="210" branch="False" />
            <line number="37" hits="210" branch="False" />
            <line number="38" hits="210" branch="False" />
            <line number="39" hits="210" branch="False" />
            <line number="47" hits="15" branch="False" />
            <line number="49" hits="15" branch="True" condition-coverage="50% (1/2)">
              <conditions>
                <condition number="7" type="jump" coverage="50%" />
              </conditions>
            </line>
            <line number="50" hits="15" branch="False" />
            <line number="51" hits="15" branch="False" />
            <line number="52" hits="15" branch="True" condition-coverage="50% (1/2)">
              <conditions>
                <condition number="52" type="jump" coverage="50%" />
              </conditions>
            </line>
            <line number="53" hits="0" branch="False" />
            <line number="54" hits="0" branch="False" />
            <line number="57" hits="15" branch="False" />
            <line number="58" hits="15" branch="False" />
            <line number="59" hits="15" branch="True" condition-coverage="50% (1/2)">
              <conditions>
                <condition number="109" type="jump" coverage="50%" />
              </conditions>
            </line>
            <line number="61" hits="735" branch="True" condition-coverage="75% (3/4)">
              <conditions>
                <condition number="166" type="jump" coverage="50%" />
                <condition number="260" type="jump" coverage="100%" />
              </conditions>
            </line>
            <line number="62" hits="345" branch="False" />
            <line number="64" hits="345" branch="False" />
            <line number="65" hits="345" branch="False" />
            <line number="66" hits="345" branch="False" />
            <line number="67" hits="345" branch="False" />
            <line number="68" hits="0" branch="False" />
            <line number="69" hits="0" branch="False" />
            <line number="70" hits="0" branch="False" />
            <line number="71" hits="0" branch="False" />
            <line number="72" hits="345" branch="False" />
            <line number="74" hits="15" branch="False" />
            <line number="75" hits="15" branch="False" />
            <line number="89" hits="15" branch="False" />
            <line number="91" hits="15" branch="False" />
            <line number="94" hits="15" branch="False" />
            <line number="95" hits="15" branch="False" />
            <line number="96" hits="15" branch="True" condition-coverage="75% (3/4)">
              <conditions>
                <condition number="31" type="jump" coverage="50%" />
                <condition number="44" type="jump" coverage="100%" />
              </conditions>
            </line>
            <line number="97" hits="15" branch="False" />
            <line number="98" hits="15" branch="False" />
            <line number="99" hits="15" branch="False" />
            <line number="101" hits="15" branch="False" />
            <line number="102" hits="15" branch="False" />
            <line number="109" hits="15" branch="False" />
            <line number="110" hits="15" branch="False" />
            <line number="111" hits="15" branch="False" />
            <line number="113" hits="10395" branch="True" condition-coverage="100% (2/2)">
              <conditions>
                <condition number="117" type="jump" coverage="100%" />
              </conditions>
            </line>
            <line number="114" hits="5175" branch="False" />
            <line number="115" hits="49170" branch="False" />
            <line number="116" hits="5175" branch="True" condition-coverage="100% (2/2)">
              <conditions>
                <condition number="97" type="jump" coverage="100%" />
              </conditions>
            </line>
            <line number="117" hits="240" branch="False" />
            <line number="118" hits="240" branch="False" />
            <line number="119" hits="240" branch="False" />
            <line number="120" hits="5175" branch="False" />
            <line number="122" hits="15" branch="False" />
            <line number="123" hits="15" branch="False" />
            <line number="128" hits="1" branch="False" />
            <line number="129" hits="1" branch="False" />
            <line number="130" hits="1" branch="False" />
            <line number="131" hits="1" branch="False" />
            <line number="132" hits="1" branch="False" />
            <line number="133" hits="1" branch="False" />
            <line number="134" hits="1" branch="False" />
            <line number="135" hits="1" branch="False" />
            <line number="136" hits="1" branch="False" />
            <line number="137" hits="1" branch="False" />
            <line number="138" hits="1" branch="False" />
            <line number="139" hits="1" branch="False" />
            <line number="140" hits="1" branch="False" />
            <line number="141" hits="1" branch="False" />
            <line number="142" hits="1" branch="False" />
            <line number="143" hits="1" branch="False" />
            <line number="144" hits="1" branch="False" />
          </lines>
        </class>
        <class name="Razor.Templating.Core.Infrastructure.DirectoryHelper" filename="Infrastructure\DirectoryHelper.cs" line-rate="1" branch-rate="0.75" complexity="4">
          <methods>
            <method name="GetMainExecutableDirectory" signature="()" line-rate="1" branch-rate="0.5" complexity="2">
              <lines>
                <line number="13" hits="15" branch="False" />
                <line number="14" hits="15" branch="False" />
                <line number="15" hits="15" branch="True" condition-coverage="50% (1/2)">
                  <conditions>
                    <condition number="13" type="jump" coverage="50%" />
                  </conditions>
                </line>
                <line number="16" hits="15" branch="False" />
              </lines>
            </method>
            <method name="GetWebRootDirectory" signature="(System.String)" line-rate="1" branch-rate="1" complexity="2">
              <lines>
                <line number="25" hits="15" branch="False" />
                <line number="26" hits="15" branch="False" />
                <line number="27" hits="15" branch="True" condition-coverage="100% (2/2)">
                  <conditions>
                    <condition number="24" type="jump" coverage="100%" />
                  </conditions>
                </line>
                <line number="28" hits="15" branch="False" />
                <line number="29" hits="15" branch="False" />
                <line number="30" hits="15" branch="False" />
                <line number="32" hits="15" branch="False" />
                <line number="33" hits="15" branch="False" />
              </lines>
            </method>
          </methods>
          <lines>
            <line number="13" hits="15" branch="False" />
            <line number="14" hits="15" branch="False" />
            <line number="15" hits="15" branch="True" condition-coverage="50% (1/2)">
              <conditions>
                <condition number="13" type="jump" coverage="50%" />
              </conditions>
            </line>
            <line number="16" hits="15" branch="False" />
            <line number="25" hits="15" branch="False" />
            <line number="26" hits="15" branch="False" />
            <line number="27" hits="15" branch="True" condition-coverage="100% (2/2)">
              <conditions>
                <condition number="24" type="jump" coverage="100%" />
              </conditions>
            </line>
            <line number="28" hits="15" branch="False" />
            <line number="29" hits="15" branch="False" />
            <line number="30" hits="15" branch="False" />
            <line number="32" hits="15" branch="False" />
            <line number="33" hits="15" branch="False" />
          </lines>
        </class>
        <class name="Razor.Templating.Core.Infrastructure.HostingEnvironment" filename="Infrastructure\HostingEnvironment.cs" line-rate="1" branch-rate="1" complexity="7">
          <methods>
            <method name="get_EnvironmentName" signature="()" line-rate="1" branch-rate="1" complexity="1">
              <lines>
                <line number="12" hits="15" branch="False" />
              </lines>
            </method>
            <method name="get_ApplicationName" signature="()" line-rate="1" branch-rate="1" complexity="1">
              <lines>
                <line number="13" hits="45" branch="False" />
              </lines>
            </method>
            <method name="get_WebRootPath" signature="()" line-rate="1" branch-rate="1" complexity="1">
              <lines>
                <line number="14" hits="30" branch="False" />
              </lines>
            </method>
            <method name="get_WebRootFileProvider" signature="()" line-rate="1" branch-rate="1" complexity="1">
              <lines>
                <line number="15" hits="30" branch="False" />
              </lines>
            </method>
            <method name="get_ContentRootPath" signature="()" line-rate="1" branch-rate="1" complexity="1">
              <lines>
                <line number="16" hits="30" branch="False" />
              </lines>
            </method>
            <method name="get_ContentRootFileProvider" signature="()" line-rate="1" branch-rate="1" complexity="1">
              <lines>
                <line number="17" hits="30" branch="False" />
              </lines>
            </method>
            <method name=".ctor" signature="()" line-rate="1" branch-rate="1" complexity="1">
              <lines>
                <line number="8" hits="15" branch="False" />
                <line number="9" hits="15" branch="False" />
                <line number="10" hits="15" branch="False" />
              </lines>
            </method>
          </methods>
          <lines>
            <line number="12" hits="15" branch="False" />
            <line number="13" hits="45" branch="False" />
            <line number="14" hits="30" branch="False" />
            <line number="15" hits="30" branch="False" />
            <line number="16" hits="30" branch="False" />
            <line number="17" hits="30" branch="False" />
            <line number="8" hits="15" branch="False" />
            <line number="9" hits="15" branch="False" />
            <line number="10" hits="15" branch="False" />
          </lines>
        </class>
        <class name="Razor.Templating.Core.Infrastructure.Logger" filename="Infrastructure\Logger.cs" line-rate="1" branch-rate="1" complexity="1">
          <methods>
            <method name="Log" signature="(System.String)" line-rate="1" branch-rate="1" complexity="1">
              <lines>
                <line number="12" hits="315" branch="False" />
                <line number="13" hits="315" branch="False" />
                <line number="14" hits="315" branch="False" />
                <line number="15" hits="315" branch="False" />
                <line number="16" hits="315" branch="False" />
              </lines>
            </method>
          </methods>
          <lines>
            <line number="12" hits="315" branch="False" />
            <line number="13" hits="315" branch="False" />
            <line number="14" hits="315" branch="False" />
            <line number="15" hits="315" branch="False" />
            <line number="16" hits="315" branch="False" />
          </lines>
        </class>
      </classes>
    </package>
  </packages>
</coverage>